{
    "command": {
        "output_path": "output_random",
        "uuid": "00ef538e88634ddd9810d034b748c24d",
        "solution_settings": null,
        "num_of_queries": 10
    },
    "solution-settings": {},
    "explored-microarchitecture-embedding": [
        [
            4,
            1,
            1,
            1,
            10,
            1,
            1,
            12,
            1,
            1,
            12,
            10,
            12,
            20,
            34,
            62,
            58,
            12,
            12,
            64,
            4,
            1,
            32,
            64,
            4,
            0,
            2,
            1,
            8
        ],
        [
            4,
            1,
            1,
            1,
            8,
            1,
            1,
            8,
            1,
            1,
            8,
            6,
            6,
            14,
            30,
            52,
            48,
            8,
            8,
            32,
            4,
            1,
            16,
            64,
            4,
            1,
            2,
            1,
            8
        ],
        [
            4,
            1,
            1,
            1,
            8,
            1,
            1,
            8,
            1,
            1,
            8,
            8,
            8,
            16,
            32,
            52,
            48,
            6,
            6,
            64,
            1,
            1,
            16,
            64,
            4,
            0,
            2,
            1,
            8
        ],
        [
            4,
            1,
            1,
            1,
            8,
            1,
            1,
            8,
            1,
            1,
            8,
            10,
            12,
            20,
            34,
            42,
            38,
            12,
            12,
            64,
            1,
            1,
            16,
            64,
            4,
            0,
            2,
            1,
            32
        ],
        [
            4,
            1,
            1,
            1,
            10,
            1,
            1,
            12,
            1,
            1,
            12,
            6,
            6,
            14,
            32,
            62,
            58,
            8,
            8,
            32,
            8,
            1,
            32,
            64,
            4,
            1,
            2,
            1,
            8
        ],
        [
            4,
            1,
            1,
            1,
            6,
            1,
            1,
            6,
            1,
            1,
            6,
            10,
            12,
            20,
            36,
            52,
            48,
            12,
            12,
            32,
            4,
            1,
            16,
            64,
            4,
            0,
            2,
            1,
            32
        ],
        [
            4,
            1,
            1,
            1,
            10,
            1,
            1,
            12,
            1,
            1,
            12,
            10,
            12,
            20,
            36,
            62,
            58,
            12,
            12,
            64,
            4,
            1,
            32,
            64,
            4,
            1,
            2,
            1,
            8
        ],
        [
            4,
            1,
            1,
            1,
            8,
            1,
            1,
            8,
            1,
            1,
            8,
            6,
            6,
            14,
            32,
            62,
            58,
            6,
            6,
            32,
            8,
            1,
            32,
            64,
            4,
            1,
            2,
            1,
            32
        ],
        [
            4,
            1,
            1,
            1,
            8,
            1,
            1,
            8,
            1,
            1,
            8,
            6,
            6,
            14,
            32,
            42,
            38,
            8,
            8,
            32,
            8,
            1,
            32,
            64,
            4,
            0,
            2,
            1,
            8
        ],
        [
            4,
            1,
            1,
            1,
            8,
            1,
            1,
            8,
            1,
            1,
            8,
            10,
            12,
            20,
            32,
            62,
            58,
            6,
            6,
            64,
            4,
            1,
            32,
            64,
            4,
            0,
            2,
            1,
            8
        ]
    ],
    "objective-values": [
        [
            1.2081893752451849,
            0.3200028674040006,
            2.4648734266354295
        ],
        [
            1.134482845867045,
            0.3200028674040006,
            -1.185937179516446
        ],
        [
            -1.1756473424713725,
            0.3200028674040006,
            -1.392852074627341
        ],
        [
            1.2081893752451849,
            0.3200028674040006,
            -0.6170685472594256
        ],
        [
            0.8880099687851765,
            0.3200028674040006,
            0.7769138762437058
        ],
        [
            1.2081893752451849,
            0.3200028674040006,
            0.1484637545746889
        ],
        [
            1.2081893752451849,
            0.3200028674040006,
            2.535831684162142
        ],
        [
            0.142096126138437,
            0.3200028674040006,
            0.2906723018065265
        ],
        [
            -0.10993062735889406,
            0.3200028674040006,
            -0.38089079918171376
        ],
        [
            -0.6874082632360001,
            0.3200028674040006,
            1.5413929028735947
        ]
    ],
    "adrs": 2.63034490627401,
    "suggest-time": [
        0.0005397796630859375,
        0.0004324913024902344,
        0.0004093647003173828,
        0.0004093647003173828,
        0.00040984153747558594,
        0.0004115104675292969,
        0.00041413307189941406,
        0.000415802001953125,
        0.00041103363037109375,
        0.0004305839538574219
    ],
    "evaluate-time": [
        36348.97121078308,
        29941.537108065415,
        31897.18999349472,
        33593.75895374672,
        33120.8831299456,
        32816.3735025682,
        36526.16356091286,
        33730.37826924393,
        29997.035567057417,
        34834.94777966644
    ],
    "observe-time": [
        2.86102294921875e-06,
        1.6689300537109375e-06,
        1.6689300537109375e-06,
        1.9073486328125e-06,
        1.9073486328125e-06,
        1.9073486328125e-06,
        1.6689300537109375e-06,
        1.9073486328125e-06,
        1.6689300537109375e-06,
        1.6689300537109375e-06
    ],
    "total-time": 332807.2433782245
}